2025-09-08 19:50:17,363 - INFO - GET - Usuarios
2025-09-08 19:50:22,979 - INFO - POST - Usuarios
2025-09-08 19:50:25,764 - INFO - GET - Usuarios
2025-09-08 19:50:40,072 - INFO - GET - Usuarios
2025-09-08 19:50:45,989 - INFO - POST - Usuarios
2025-09-08 19:50:53,531 - INFO - POST - Usuarios
2025-09-08 19:51:01,203 - INFO - GET - Usuarios
2025-09-08 19:55:32,006 - INFO - POST - Nutricionistas
2025-09-08 20:31:34,537 - INFO - GET - Nutricionistas
2025-09-08 20:31:34,534 - INFO - GET - Usuarios
2025-09-08 20:31:35,376 - INFO - GET - Usuarios
2025-09-08 20:31:35,458 - INFO - GET - Nutricionistas
2025-09-08 20:31:36,047 - INFO - GET - Nutricionistas
2025-09-08 20:31:36,095 - INFO - GET - Nutricionistas
2025-09-08 20:31:36,120 - INFO - GET - Dietas
2025-09-08 20:31:41,333 - INFO - GET - Usuarios
2025-09-08 20:31:42,203 - INFO - GET - Nutricionistas
2025-09-08 20:39:40,414 - INFO - GET - Dietas
2025-09-08 20:39:59,431 - INFO - GET - Usuarios
2025-09-08 20:39:59,562 - INFO - GET - Nutricionistas
2025-09-08 21:12:48,562 - INFO - GET - Nutricionistas
2025-09-08 21:21:34,194 - INFO - GET - Usuarios
2025-09-08 21:21:35,728 - INFO - GET - Nutricionistas
2025-09-08 21:21:36,771 - INFO - GET - Nutricionistas
2025-09-08 21:21:38,749 - INFO - GET - Dietas
2025-09-08 22:04:33,918 - INFO - GET - Usuarios
2025-09-08 22:04:34,259 - INFO - GET - Nutricionistas
2025-09-08 22:09:57,375 - INFO - GET - Nutricionistas
2025-09-08 22:22:48,404 - INFO - GET - Usuarios
2025-09-08 22:22:48,797 - INFO - GET - Nutricionistas
2025-09-08 22:25:23,977 - INFO - GET - Dietas
2025-09-08 22:43:14,218 - INFO - GET - Dietas
2025-09-08 22:43:14,211 - INFO - GET - Dietas
